0 info it worked if it ends with ok
1 verbose cli [
1 verbose cli   '/usr/local/bin/node',
1 verbose cli   '/usr/local/bin/npm',
1 verbose cli   'install',
1 verbose cli   '--ignore-scripts',
1 verbose cli   '@types/react@ts3.6',
1 verbose cli   '@types/react-dom@ts3.6',
1 verbose cli   '@types/eslint-config-prettier@ts3.6',
1 verbose cli   '@types/eslint-plugin-prettier@ts3.6',
1 verbose cli   '@types/lint-staged@ts3.6',
1 verbose cli   '--save-dev',
1 verbose cli   '--user-agent=typesInstaller/3.6.3'
1 verbose cli ]
2 info using npm@6.14.6
3 info using node@v12.18.3
4 verbose npm-session 13c103020ff9a1e2
5 silly install loadCurrentTree
6 silly install readLocalPackageData
7 http fetch GET 200 https://registry.npmjs.org/@types%2feslint-config-prettier 334ms
8 http fetch GET 200 https://registry.npmjs.org/@types%2freact-dom 368ms
9 http fetch GET 200 https://registry.npmjs.org/@types%2feslint-plugin-prettier 435ms
10 http fetch GET 200 https://registry.npmjs.org/@types%2freact 504ms
11 http fetch GET 200 https://registry.npmjs.org/@types%2flint-staged 695ms
12 silly fetchPackageMetaData error for @types/lint-staged@ts3.6 No matching version found for @types/lint-staged@ts3.6.
13 http fetch GET 200 https://registry.npmjs.org/@types/eslint-config-prettier/-/eslint-config-prettier-6.11.0.tgz 1235ms
14 silly pacote tag manifest for @types/eslint-config-prettier@ts3.6 fetched in 1589ms
15 http fetch GET 200 https://registry.npmjs.org/@types/eslint-plugin-prettier/-/eslint-plugin-prettier-3.1.0.tgz 1174ms
16 silly pacote tag manifest for @types/eslint-plugin-prettier@ts3.6 fetched in 1629ms
17 http fetch GET 200 https://registry.npmjs.org/@types/react-dom/-/react-dom-17.0.9.tgz 1296ms
18 silly pacote tag manifest for @types/react-dom@ts3.6 fetched in 1685ms
19 http fetch GET 200 https://registry.npmjs.org/@types/react/-/react-17.0.19.tgz 1241ms
20 silly pacote tag manifest for @types/react@ts3.6 fetched in 1777ms
21 timing stage:rollbackFailedOptional Completed in 0ms
22 timing stage:runTopLevelLifecycles Completed in 1827ms
23 verbose type tag
24 verbose stack @types/lint-staged: No matching version found for @types/lint-staged@ts3.6.
24 verbose stack     at pickManifest (/usr/local/lib/node_modules/npm/node_modules/npm-pick-manifest/index.js:122:13)
24 verbose stack     at /usr/local/lib/node_modules/npm/node_modules/pacote/lib/fetchers/registry/manifest.js:24:14
24 verbose stack     at tryCatcher (/usr/local/lib/node_modules/npm/node_modules/bluebird/js/release/util.js:16:23)
24 verbose stack     at Promise._settlePromiseFromHandler (/usr/local/lib/node_modules/npm/node_modules/bluebird/js/release/promise.js:517:31)
24 verbose stack     at Promise._settlePromise (/usr/local/lib/node_modules/npm/node_modules/bluebird/js/release/promise.js:574:18)
24 verbose stack     at Promise._settlePromise0 (/usr/local/lib/node_modules/npm/node_modules/bluebird/js/release/promise.js:619:10)
24 verbose stack     at Promise._settlePromises (/usr/local/lib/node_modules/npm/node_modules/bluebird/js/release/promise.js:699:18)
24 verbose stack     at _drainQueueStep (/usr/local/lib/node_modules/npm/node_modules/bluebird/js/release/async.js:138:12)
24 verbose stack     at _drainQueue (/usr/local/lib/node_modules/npm/node_modules/bluebird/js/release/async.js:131:9)
24 verbose stack     at Async._drainQueues (/usr/local/lib/node_modules/npm/node_modules/bluebird/js/release/async.js:147:5)
24 verbose stack     at Immediate.Async.drainQueues [as _onImmediate] (/usr/local/lib/node_modules/npm/node_modules/bluebird/js/release/async.js:17:14)
24 verbose stack     at processImmediate (internal/timers.js:456:21)
25 verbose cwd /home/theia/.cache/typescript/3.6
26 verbose Linux 5.15.133.1-microsoft-standard-WSL2
27 verbose argv "/usr/local/bin/node" "/usr/local/bin/npm" "install" "--ignore-scripts" "@types/react@ts3.6" "@types/react-dom@ts3.6" "@types/eslint-config-prettier@ts3.6" "@types/eslint-plugin-prettier@ts3.6" "@types/lint-staged@ts3.6" "--save-dev" "--user-agent=typesInstaller/3.6.3"
28 verbose node v12.18.3
29 verbose npm  v6.14.6
30 error code ETARGET
31 error notarget No matching version found for @types/lint-staged@ts3.6.
32 error notarget In most cases you or one of your dependencies are requesting
32 error notarget a package version that doesn't exist.
33 verbose exit [ 1, true ]
