0 info it worked if it ends with ok
1 verbose cli [
1 verbose cli   '/usr/local/bin/node',
1 verbose cli   '/usr/local/bin/npm',
1 verbose cli   'install',
1 verbose cli   '--ignore-scripts',
1 verbose cli   '@types/lodash.debounce@ts3.6',
1 verbose cli   '@types/lodash.memoize@ts3.6',
1 verbose cli   '@types/lodash.merge@ts3.6',
1 verbose cli   '@types/lodash.template@ts3.6',
1 verbose cli   '@types/lodash.truncate@ts3.6',
1 verbose cli   '@types/lodash.uniq@ts3.6',
1 verbose cli   '@types/makeerror@ts3.6',
1 verbose cli   '@types/media-typer@ts3.6',
1 verbose cli   '@types/memory-fs@ts3.6',
1 verbose cli   '@types/memorystream@ts3.6',
1 verbose cli   '@types/merge-descriptors@ts3.6',
1 verbose cli   '@types/merge-stream@ts3.6',
1 verbose cli   '@types/merge2@ts3.6',
1 verbose cli   '@types/methods@ts3.6',
1 verbose cli   '@types/micromatch@ts3.6',
1 verbose cli   '@types/mime@ts3.6',
1 verbose cli   '@types/mime-db@ts3.6',
1 verbose cli   '@types/mime-types@ts3.6',
1 verbose cli   '@types/min-indent@ts3.6',
1 verbose cli   '@types/minimalistic-assert@ts3.6',
1 verbose cli   '@types/minimist@ts3.6',
1 verbose cli   '@types/minizlib@ts3.6',
1 verbose cli   '@types/move-concurrently@ts3.6',
1 verbose cli   '@types/ms@ts3.6',
1 verbose cli   '@types/multicast-dns@ts3.6',
1 verbose cli   '@types/natural-compare@ts3.6',
1 verbose cli   '@types/negotiator@ts3.6',
1 verbose cli   '@types/neo-async@ts3.6',
1 verbose cli   '@types/next-tick@ts3.6',
1 verbose cli   '@types/nice-try@ts3.6',
1 verbose cli   '@types/node-forge@ts3.6',
1 verbose cli   '@types/node-int64@ts3.6',
1 verbose cli   '@types/node-notifier@ts3.6',
1 verbose cli   '@types/normalize-package-data@ts3.6',
1 verbose cli   '@types/normalize-path@ts3.6',
1 verbose cli   '@types/num2fraction@ts3.6',
1 verbose cli   '@types/nwsapi@ts3.6',
1 verbose cli   '@types/object-assign@ts3.6',
1 verbose cli   '@types/object-inspect@ts3.6',
1 verbose cli   '@types/object-keys@ts3.6',
1 verbose cli   '@types/object.assign@ts3.6',
1 verbose cli   '@types/object.entries@ts3.6',
1 verbose cli   '@types/object.fromentries@ts3.6',
1 verbose cli   '@types/object.getownpropertydescriptors@ts3.6',
1 verbose cli   '@types/object.groupby@ts3.6',
1 verbose cli   '@types/object.pick@ts3.6',
1 verbose cli   '@types/on-finished@ts3.6',
1 verbose cli   '@types/on-headers@ts3.6',
1 verbose cli   '@types/once@ts3.6',
1 verbose cli   '@types/optimize-css-assets-webpack-plugin@ts3.6',
1 verbose cli   '@types/pako@ts3.6',
1 verbose cli   '@types/parallel-transform@ts3.6',
1 verbose cli   '@types/parse-json@ts3.6',
1 verbose cli   '@types/parseurl@ts3.6',
1 verbose cli   '@types/pascalcase@ts3.6',
1 verbose cli   '@types/path-browserify@ts3.6',
1 verbose cli   '@types/path-is-absolute@ts3.6',
1 verbose cli   '@types/path-is-inside@ts3.6',
1 verbose cli   '@types/path-parse@ts3.6',
1 verbose cli   '@types/pbkdf2@ts3.6',
1 verbose cli   '@types/picomatch@ts3.6',
1 verbose cli   '@types/pify@ts3.6',
1 verbose cli   '@types/postcss-color-gray@ts3.6',
1 verbose cli   '@types/postcss-flexbugs-fixes@ts3.6',
1 verbose cli   '@types/postcss-font-variant@ts3.6',
1 verbose cli   '@types/postcss-gap-properties@ts3.6',
1 verbose cli   '@types/postcss-modules-extract-imports@ts3.6',
1 verbose cli   '@types/postcss-modules-local-by-default@ts3.6',
1 verbose cli   '@types/postcss-modules-scope@ts3.6',
1 verbose cli   '@types/postcss-modules-values@ts3.6',
1 verbose cli   '@types/postcss-normalize@ts3.6',
1 verbose cli   '@types/postcss-page-break@ts3.6',
1 verbose cli   '@types/postcss-safe-parser@ts3.6',
1 verbose cli   '@types/prelude-ls@ts3.6',
1 verbose cli   '@types/prettier-linter-helpers@ts3.6',
1 verbose cli   '@types/progress@ts3.6',
1 verbose cli   '@types/promise-inflight@ts3.6',
1 verbose cli   '@types/prompts@ts3.6',
1 verbose cli   '@types/prop-types@ts3.6',
1 verbose cli   '@types/proxy-addr@ts3.6',
1 verbose cli   '@types/psl@ts3.6',
1 verbose cli   '@types/pump@ts3.6',
1 verbose cli   '@types/pumpify@ts3.6',
1 verbose cli   '@types/punycode@ts3.6',
1 verbose cli   '@types/q@ts3.6',
1 verbose cli   '@types/qs@ts3.6',
1 verbose cli   '@types/querystringify@ts3.6',
1 verbose cli   '@types/raf@ts3.6',
1 verbose cli   '@types/randombytes@ts3.6',
1 verbose cli   '@types/range-parser@ts3.6',
1 verbose cli   '@types/react-dev-utils@ts3.6',
1 verbose cli   '@types/react-is@ts3.6',
1 verbose cli   '@types/react-refresh@ts3.6',
1 verbose cli   '@types/readable-stream@ts3.6',
1 verbose cli   '@types/recursive-readdir@ts3.6',
1 verbose cli   '@types/regenerate@ts3.6',
1 verbose cli   ... 116 more items
1 verbose cli ]
2 info using npm@6.14.6
3 info using node@v12.18.3
4 verbose npm-session 68537e14862e9819
5 silly install loadCurrentTree
6 silly install readLocalPackageData
7 http fetch GET 200 https://registry.npmjs.org/@types%2flodash.memoize 422ms
8 http fetch GET 200 https://registry.npmjs.org/@types%2fmedia-typer 468ms
9 http fetch GET 200 https://registry.npmjs.org/@types%2fmemory-fs 466ms
10 http fetch GET 200 https://registry.npmjs.org/@types%2flodash.merge 491ms
11 http fetch GET 200 https://registry.npmjs.org/@types%2flodash.debounce 537ms
12 http fetch GET 200 https://registry.npmjs.org/@types/lodash.debounce/-/lodash.debounce-4.0.6.tgz 123ms
13 http fetch GET 200 https://registry.npmjs.org/@types/lodash.merge/-/lodash.merge-4.6.6.tgz 154ms
14 silly pacote tag manifest for @types/lodash.debounce@ts3.6 fetched in 684ms
15 silly pacote tag manifest for @types/lodash.merge@ts3.6 fetched in 667ms
16 http fetch GET 200 https://registry.npmjs.org/@types%2fmerge-descriptors 156ms
17 http fetch GET 200 https://registry.npmjs.org/@types%2fmerge-stream 192ms
18 http fetch GET 200 https://registry.npmjs.org/@types/merge-stream/-/merge-stream-1.1.2.tgz 143ms
19 silly pacote tag manifest for @types/merge-stream@ts3.6 fetched in 346ms
20 http fetch GET 200 https://registry.npmjs.org/@types%2fmerge2 119ms
21 http fetch GET 200 https://registry.npmjs.org/@types/merge2/-/merge2-1.3.1.tgz 113ms
22 silly pacote tag manifest for @types/merge2@ts3.6 fetched in 242ms
23 http fetch GET 200 https://registry.npmjs.org/@types%2fmethods 171ms
24 http fetch GET 200 https://registry.npmjs.org/@types%2flodash.truncate 1476ms
25 http fetch GET 200 https://registry.npmjs.org/@types/lodash.memoize/-/lodash.memoize-4.1.6.tgz 1166ms
26 silly pacote tag manifest for @types/lodash.memoize@ts3.6 fetched in 1632ms
27 http fetch GET 200 https://registry.npmjs.org/@types/media-typer/-/media-typer-1.1.1.tgz 1148ms
28 silly pacote tag manifest for @types/media-typer@ts3.6 fetched in 1629ms
29 http fetch GET 200 https://registry.npmjs.org/@types/memory-fs/-/memory-fs-0.3.2.tgz 1173ms
30 silly pacote tag manifest for @types/memory-fs@ts3.6 fetched in 1653ms
31 http fetch GET 200 https://registry.npmjs.org/@types%2fmicromatch 139ms
32 http fetch GET 200 https://registry.npmjs.org/@types%2fmime 136ms
33 http fetch GET 200 https://registry.npmjs.org/@types%2fmime-db 124ms
34 http fetch GET 200 https://registry.npmjs.org/@types/micromatch/-/micromatch-4.0.2.tgz 119ms
35 silly pacote tag manifest for @types/micromatch@ts3.6 fetched in 267ms
36 http fetch GET 200 https://registry.npmjs.org/@types/merge-descriptors/-/merge-descriptors-1.0.1.tgz 1188ms
37 http fetch GET 200 https://registry.npmjs.org/@types%2fmakeerror 2011ms
38 silly fetchPackageMetaData error for @types/makeerror@ts3.6 No matching version found for @types/makeerror@ts3.6.
39 silly pacote tag manifest for @types/merge-descriptors@ts3.6 fetched in 1368ms
40 http fetch GET 200 https://registry.npmjs.org/@types%2fmime-types 150ms
41 http fetch GET 200 https://registry.npmjs.org/@types%2flodash.uniq 2091ms
42 http fetch GET 200 https://registry.npmjs.org/@types%2fmin-indent 145ms
43 http fetch GET 200 https://registry.npmjs.org/@types%2fmemorystream 2386ms
44 http fetch GET 200 https://registry.npmjs.org/@types%2flodash.template 2492ms
45 http fetch GET 200 https://registry.npmjs.org/@types/memorystream/-/memorystream-0.3.0.tgz 181ms
46 http fetch GET 200 https://registry.npmjs.org/@types/methods/-/methods-1.1.1.tgz 1161ms
47 silly pacote tag manifest for @types/memorystream@ts3.6 fetched in 2581ms
48 silly pacote tag manifest for @types/methods@ts3.6 fetched in 1348ms
49 http fetch GET 200 https://registry.npmjs.org/@types/lodash.template/-/lodash.template-4.5.0.tgz 139ms
50 silly pacote tag manifest for @types/lodash.template@ts3.6 fetched in 2645ms
51 http fetch GET 200 https://registry.npmjs.org/@types%2fminizlib 175ms
52 http fetch GET 200 https://registry.npmjs.org/@types%2fminimist 210ms
53 http fetch GET 200 https://registry.npmjs.org/@types/minimist/-/minimist-1.2.2.tgz 100ms
54 http fetch GET 200 https://registry.npmjs.org/@types/mime/-/mime-2.0.3.tgz 1145ms
55 silly pacote tag manifest for @types/minimist@ts3.6 fetched in 331ms
56 silly pacote tag manifest for @types/mime@ts3.6 fetched in 1312ms
57 http fetch GET 200 https://registry.npmjs.org/@types/mime-db/-/mime-db-1.43.1.tgz 1153ms
58 silly pacote tag manifest for @types/mime-db@ts3.6 fetched in 1289ms
59 http fetch GET 200 https://registry.npmjs.org/@types%2fmulticast-dns 133ms
60 http fetch GET 200 https://registry.npmjs.org/@types%2fms 160ms
61 http fetch GET 200 https://registry.npmjs.org/@types/mime-types/-/mime-types-2.1.1.tgz 1105ms
62 silly pacote tag manifest for @types/mime-types@ts3.6 fetched in 1265ms
63 http fetch GET 200 https://registry.npmjs.org/@types/lodash.truncate/-/lodash.truncate-4.4.6.tgz 1710ms
64 silly pacote tag manifest for @types/lodash.truncate@ts3.6 fetched in 3200ms
65 http fetch GET 200 https://registry.npmjs.org/@types%2fnegotiator 133ms
66 http fetch GET 200 https://registry.npmjs.org/@types/min-indent/-/min-indent-1.0.0.tgz 1214ms
67 silly pacote tag manifest for @types/min-indent@ts3.6 fetched in 1369ms
68 http fetch GET 200 https://registry.npmjs.org/@types%2fnext-tick 125ms
69 http fetch GET 200 https://registry.npmjs.org/@types%2fminimalistic-assert 1712ms
70 http fetch GET 200 https://registry.npmjs.org/@types/lodash.uniq/-/lodash.uniq-4.5.6.tgz 1756ms
71 silly pacote tag manifest for @types/lodash.uniq@ts3.6 fetched in 3856ms
72 http fetch GET 200 https://registry.npmjs.org/@types/minizlib/-/minizlib-2.1.2.tgz 1143ms
73 silly pacote tag manifest for @types/minizlib@ts3.6 fetched in 1338ms
74 http fetch GET 200 https://registry.npmjs.org/@types%2fnode-forge 183ms
75 http fetch GET 200 https://registry.npmjs.org/@types/multicast-dns/-/multicast-dns-7.2.1.tgz 1067ms
76 silly pacote tag manifest for @types/multicast-dns@ts3.6 fetched in 1210ms
77 http fetch GET 200 https://registry.npmjs.org/@types/ms/-/ms-0.7.31.tgz 1149ms
78 http fetch GET 200 https://registry.npmjs.org/@types/node-forge/-/node-forge-0.10.3.tgz 120ms
79 silly pacote tag manifest for @types/ms@ts3.6 fetched in 1324ms
80 silly pacote tag manifest for @types/node-forge@ts3.6 fetched in 317ms
81 http fetch GET 200 https://registry.npmjs.org/@types%2fnode-int64 134ms
82 http fetch GET 200 https://registry.npmjs.org/@types%2fnode-notifier 152ms
83 http fetch GET 200 https://registry.npmjs.org/@types/negotiator/-/negotiator-0.6.1.tgz 1172ms
84 http fetch GET 200 https://registry.npmjs.org/@types%2fnormalize-package-data 214ms
85 silly pacote tag manifest for @types/negotiator@ts3.6 fetched in 1322ms
86 http fetch GET 200 https://registry.npmjs.org/@types/normalize-package-data/-/normalize-package-data-2.4.1.tgz 124ms
87 silly pacote tag manifest for @types/normalize-package-data@ts3.6 fetched in 347ms
88 http fetch GET 200 https://registry.npmjs.org/@types/minimalistic-assert/-/minimalistic-assert-1.0.0.tgz 905ms
89 silly pacote tag manifest for @types/minimalistic-assert@ts3.6 fetched in 2641ms
90 http fetch GET 200 https://registry.npmjs.org/@types/next-tick/-/next-tick-1.0.0.tgz 1162ms
91 silly pacote tag manifest for @types/next-tick@ts3.6 fetched in 1297ms
92 http fetch GET 200 https://registry.npmjs.org/@types%2fnum2fraction 129ms
93 http fetch GET 200 https://registry.npmjs.org/@types%2fobject-assign 129ms
94 http fetch GET 200 https://registry.npmjs.org/@types%2fmove-concurrently 2218ms
95 http fetch GET 200 https://registry.npmjs.org/@types%2fnice-try 1059ms
96 http fetch GET 200 https://registry.npmjs.org/@types%2fneo-async 1735ms
97 silly fetchPackageMetaData error for @types/neo-async@ts3.6 No matching version found for @types/neo-async@ts3.6.
98 http fetch GET 200 https://registry.npmjs.org/@types%2fnatural-compare 2128ms
99 http fetch GET 200 https://registry.npmjs.org/@types/nice-try/-/nice-try-2.1.0.tgz 329ms
100 silly pacote tag manifest for @types/nice-try@ts3.6 fetched in 1403ms
101 http fetch GET 200 https://registry.npmjs.org/@types/node-int64/-/node-int64-0.4.29.tgz 1179ms
102 silly pacote tag manifest for @types/node-int64@ts3.6 fetched in 1328ms
103 http fetch GET 200 https://registry.npmjs.org/@types/node-notifier/-/node-notifier-8.0.1.tgz 1119ms
104 silly pacote tag manifest for @types/node-notifier@ts3.6 fetched in 1279ms
105 http fetch GET 200 https://registry.npmjs.org/@types%2fobject.entries 119ms
106 silly fetchPackageMetaData error for @types/object.entries@ts3.6 No matching version found for @types/object.entries@ts3.6.
107 http fetch GET 200 https://registry.npmjs.org/@types%2fobject.assign 212ms
108 silly fetchPackageMetaData error for @types/object.assign@ts3.6 No matching version found for @types/object.assign@ts3.6.
109 http fetch GET 200 https://registry.npmjs.org/@types%2fobject.fromentries 149ms
110 http fetch GET 200 https://registry.npmjs.org/@types%2fobject.getownpropertydescriptors 187ms
111 http fetch GET 200 https://registry.npmjs.org/@types/num2fraction/-/num2fraction-1.2.0.tgz 1185ms
112 silly pacote tag manifest for @types/num2fraction@ts3.6 fetched in 1324ms
113 http fetch GET 200 https://registry.npmjs.org/@types/object-assign/-/object-assign-4.0.30.tgz 1136ms
114 silly pacote tag manifest for @types/object-assign@ts3.6 fetched in 1273ms
115 http fetch GET 200 https://registry.npmjs.org/@types/move-concurrently/-/move-concurrently-1.0.4.tgz 1137ms
116 silly pacote tag manifest for @types/move-concurrently@ts3.6 fetched in 3364ms
117 http fetch GET 200 https://registry.npmjs.org/@types%2fobject-inspect 1121ms
118 http fetch GET 200 https://registry.npmjs.org/@types%2fon-finished 147ms
119 http fetch GET 200 https://registry.npmjs.org/@types/natural-compare/-/natural-compare-1.4.1.tgz 1151ms
120 silly pacote tag manifest for @types/natural-compare@ts3.6 fetched in 3288ms
121 http fetch GET 200 https://registry.npmjs.org/@types%2fnwsapi 1703ms
122 http fetch GET 200 https://registry.npmjs.org/@types%2fnormalize-path 2305ms
123 http fetch GET 200 https://registry.npmjs.org/@types/object-inspect/-/object-inspect-1.8.1.tgz 844ms
124 silly pacote tag manifest for @types/object-inspect@ts3.6 fetched in 1976ms
125 http fetch GET 200 https://registry.npmjs.org/@types%2fobject-keys 1675ms
126 http fetch GET 200 https://registry.npmjs.org/@types/object.fromentries/-/object.fromentries-2.0.1.tgz 1137ms
127 silly pacote tag manifest for @types/object.fromentries@ts3.6 fetched in 1298ms
128 http fetch GET 200 https://registry.npmjs.org/@types/object.getownpropertydescriptors/-/object.getownpropertydescriptors-2.1.1.tgz 1128ms
129 silly pacote tag manifest for @types/object.getownpropertydescriptors@ts3.6 fetched in 1324ms
130 http fetch GET 200 https://registry.npmjs.org/@types%2fpako 117ms
131 http fetch GET 200 https://registry.npmjs.org/@types%2foptimize-css-assets-webpack-plugin 194ms
132 http fetch GET 200 https://registry.npmjs.org/@types/on-finished/-/on-finished-2.3.1.tgz 1121ms
133 silly pacote tag manifest for @types/on-finished@ts3.6 fetched in 1278ms
134 http fetch GET 200 https://registry.npmjs.org/@types/nwsapi/-/nwsapi-2.2.2.tgz 982ms
135 silly pacote tag manifest for @types/nwsapi@ts3.6 fetched in 2698ms
136 http fetch GET 200 https://registry.npmjs.org/@types%2fparallel-transform 146ms
137 http fetch GET 200 https://registry.npmjs.org/@types%2fon-headers 1196ms
138 http fetch GET 200 https://registry.npmjs.org/@types%2fparse-json 135ms
139 http fetch GET 200 https://registry.npmjs.org/@types/parallel-transform/-/parallel-transform-1.1.1.tgz 121ms
140 silly pacote tag manifest for @types/parallel-transform@ts3.6 fetched in 277ms
141 http fetch GET 304 https://registry.npmjs.org/@types/parse-json/-/parse-json-4.0.0.tgz 140ms (from cache)
142 silly pacote tag manifest for @types/parse-json@ts3.6 fetched in 287ms
143 http fetch GET 200 https://registry.npmjs.org/@types%2fparseurl 137ms
144 http fetch GET 200 https://registry.npmjs.org/@types/object-keys/-/object-keys-1.0.1.tgz 906ms
145 silly pacote tag manifest for @types/object-keys@ts3.6 fetched in 2593ms
146 http fetch GET 200 https://registry.npmjs.org/@types/parseurl/-/parseurl-1.3.1.tgz 172ms
147 silly pacote tag manifest for @types/parseurl@ts3.6 fetched in 319ms
148 http fetch GET 200 https://registry.npmjs.org/@types/normalize-path/-/normalize-path-3.0.0.tgz 1147ms
149 silly pacote tag manifest for @types/normalize-path@ts3.6 fetched in 3460ms
150 http fetch GET 200 https://registry.npmjs.org/@types%2fobject.pick 2027ms
151 http fetch GET 200 https://registry.npmjs.org/@types%2fpath-is-absolute 186ms
152 http fetch GET 200 https://registry.npmjs.org/@types%2fonce 1153ms
153 http fetch GET 200 https://registry.npmjs.org/@types%2fobject.groupby 2177ms
154 silly fetchPackageMetaData error for @types/object.groupby@ts3.6 No matching version found for @types/object.groupby@ts3.6.
155 http fetch GET 200 https://registry.npmjs.org/@types/pako/-/pako-1.0.2.tgz 1080ms
156 silly pacote tag manifest for @types/pako@ts3.6 fetched in 1211ms
157 http fetch GET 200 https://registry.npmjs.org/@types/optimize-css-assets-webpack-plugin/-/optimize-css-assets-webpack-plugin-5.0.2.tgz 1180ms
158 http fetch GET 200 https://registry.npmjs.org/@types%2fpath-parse 224ms
159 silly pacote tag manifest for @types/optimize-css-assets-webpack-plugin@ts3.6 fetched in 1393ms
160 http fetch GET 200 https://registry.npmjs.org/@types/path-parse/-/path-parse-1.0.19.tgz 100ms
161 silly pacote tag manifest for @types/path-parse@ts3.6 fetched in 338ms
162 http fetch GET 200 https://registry.npmjs.org/@types%2fpicomatch 155ms
163 http fetch GET 200 https://registry.npmjs.org/@types%2fpify 138ms
164 http fetch GET 200 https://registry.npmjs.org/@types/on-headers/-/on-headers-1.0.0.tgz 1187ms
165 silly pacote tag manifest for @types/on-headers@ts3.6 fetched in 2400ms
166 http fetch GET 200 https://registry.npmjs.org/@types%2fpostcss-color-gray 96ms
167 silly fetchPackageMetaData error for @types/postcss-color-gray@ts3.6 No matching version found for @types/postcss-color-gray@ts3.6.
168 http fetch GET 200 https://registry.npmjs.org/@types%2fpostcss-flexbugs-fixes 101ms
169 http fetch GET 200 https://registry.npmjs.org/@types/path-is-absolute/-/path-is-absolute-1.0.0.tgz 1057ms
170 silly pacote tag manifest for @types/path-is-absolute@ts3.6 fetched in 1266ms
171 http fetch GET 200 https://registry.npmjs.org/@types/object.pick/-/object.pick-1.3.1.tgz 1216ms
172 silly pacote tag manifest for @types/object.pick@ts3.6 fetched in 3253ms
173 http fetch GET 200 https://registry.npmjs.org/@types%2fpostcss-font-variant 112ms
174 silly fetchPackageMetaData error for @types/postcss-font-variant@ts3.6 No matching version found for @types/postcss-font-variant@ts3.6.
175 http fetch GET 200 https://registry.npmjs.org/@types%2fpostcss-gap-properties 108ms
176 http fetch GET 200 https://registry.npmjs.org/@types%2fpascalcase 1690ms
177 http fetch GET 200 https://registry.npmjs.org/@types%2fpostcss-modules-extract-imports 108ms
178 http fetch GET 200 https://registry.npmjs.org/@types%2fpath-browserify 1627ms
179 silly fetchPackageMetaData error for @types/path-browserify@ts3.6 No matching version found for @types/path-browserify@ts3.6.
180 http fetch GET 200 https://registry.npmjs.org/@types/picomatch/-/picomatch-2.2.6.tgz 1090ms
181 silly pacote tag manifest for @types/picomatch@ts3.6 fetched in 1259ms
182 http fetch GET 200 https://registry.npmjs.org/@types%2fpostcss-modules-local-by-default 131ms
183 http fetch GET 200 https://registry.npmjs.org/@types%2fpostcss-modules-scope 69ms
184 http fetch GET 200 https://registry.npmjs.org/@types/once/-/once-1.4.0.tgz 1665ms
185 silly pacote tag manifest for @types/once@ts3.6 fetched in 2828ms
186 http fetch GET 200 https://registry.npmjs.org/@types/pify/-/pify-5.0.1.tgz 1243ms
187 silly pacote tag manifest for @types/pify@ts3.6 fetched in 1392ms
188 http fetch GET 200 https://registry.npmjs.org/@types%2fpostcss-modules-values 118ms
189 http fetch GET 200 https://registry.npmjs.org/@types%2fpostcss-normalize 144ms
190 http fetch GET 200 https://registry.npmjs.org/@types/postcss-flexbugs-fixes/-/postcss-flexbugs-fixes-4.2.1.tgz 1178ms
191 silly pacote tag manifest for @types/postcss-flexbugs-fixes@ts3.6 fetched in 1289ms
192 http fetch GET 200 https://registry.npmjs.org/@types%2fpath-is-inside 2125ms
193 http fetch GET 200 https://registry.npmjs.org/@types/pascalcase/-/pascalcase-1.0.0.tgz 881ms
194 silly pacote tag manifest for @types/pascalcase@ts3.6 fetched in 2582ms
195 http fetch GET 200 https://registry.npmjs.org/@types%2fpbkdf2 2026ms
196 http fetch GET 200 https://registry.npmjs.org/@types/postcss-gap-properties/-/postcss-gap-properties-2.0.1.tgz 1055ms
197 silly pacote tag manifest for @types/postcss-gap-properties@ts3.6 fetched in 1177ms
198 http fetch GET 200 https://registry.npmjs.org/@types/postcss-modules-values/-/postcss-modules-values-3.0.0.tgz 533ms
199 silly pacote tag manifest for @types/postcss-modules-values@ts3.6 fetched in 660ms
200 http fetch GET 200 https://registry.npmjs.org/@types%2fprelude-ls 187ms
201 http fetch GET 200 https://registry.npmjs.org/@types/postcss-modules-extract-imports/-/postcss-modules-extract-imports-3.0.2.tgz 1216ms
202 silly pacote tag manifest for @types/postcss-modules-extract-imports@ts3.6 fetched in 1335ms
203 http fetch GET 200 https://registry.npmjs.org/@types/postcss-modules-scope/-/postcss-modules-scope-1.1.2.tgz 1077ms
204 silly pacote tag manifest for @types/postcss-modules-scope@ts3.6 fetched in 1159ms
205 http fetch GET 200 https://registry.npmjs.org/@types%2fpromise-inflight 206ms
206 http fetch GET 200 https://registry.npmjs.org/@types/prelude-ls/-/prelude-ls-1.1.29.tgz 394ms
207 silly pacote tag manifest for @types/prelude-ls@ts3.6 fetched in 597ms
208 http fetch GET 200 https://registry.npmjs.org/@types%2fprompts 81ms
209 http fetch GET 200 https://registry.npmjs.org/@types/postcss-normalize/-/postcss-normalize-9.0.1.tgz 1121ms
210 silly pacote tag manifest for @types/postcss-normalize@ts3.6 fetched in 1276ms
211 http fetch GET 200 https://registry.npmjs.org/@types/path-is-inside/-/path-is-inside-1.0.0.tgz 1144ms
212 silly pacote tag manifest for @types/path-is-inside@ts3.6 fetched in 3279ms
213 http fetch GET 200 https://registry.npmjs.org/@types/postcss-modules-local-by-default/-/postcss-modules-local-by-default-1.2.2.tgz 1693ms
214 silly pacote tag manifest for @types/postcss-modules-local-by-default@ts3.6 fetched in 1842ms
215 http fetch GET 200 https://registry.npmjs.org/@types%2fprop-types 200ms
216 http fetch GET 200 https://registry.npmjs.org/@types%2fpostcss-safe-parser 1126ms
217 http fetch GET 200 https://registry.npmjs.org/@types%2fproxy-addr 151ms
218 http fetch GET 200 https://registry.npmjs.org/@types/promise-inflight/-/promise-inflight-1.0.0.tgz 390ms
219 silly pacote tag manifest for @types/promise-inflight@ts3.6 fetched in 615ms
220 http fetch GET 200 https://registry.npmjs.org/@types/pbkdf2/-/pbkdf2-3.1.0.tgz 1183ms
221 silly pacote tag manifest for @types/pbkdf2@ts3.6 fetched in 3219ms
222 http fetch GET 200 https://registry.npmjs.org/@types/prop-types/-/prop-types-15.7.4.tgz 152ms
223 silly pacote tag manifest for @types/prop-types@ts3.6 fetched in 367ms
224 http fetch GET 200 https://registry.npmjs.org/@types%2fprettier-linter-helpers 1100ms
225 http fetch GET 200 https://registry.npmjs.org/@types%2fpump 135ms
226 http fetch GET 200 https://registry.npmjs.org/@types%2fpunycode 162ms
227 http fetch GET 200 https://registry.npmjs.org/@types%2fpostcss-page-break 2081ms
228 silly fetchPackageMetaData error for @types/postcss-page-break@ts3.6 No matching version found for @types/postcss-page-break@ts3.6.
229 http fetch GET 200 https://registry.npmjs.org/@types/prompts/-/prompts-2.0.14.tgz 1050ms
230 silly pacote tag manifest for @types/prompts@ts3.6 fetched in 1141ms
231 http fetch GET 200 https://registry.npmjs.org/@types%2fq 101ms
232 http fetch GET 200 https://registry.npmjs.org/@types%2fqs 139ms
233 http fetch GET 200 https://registry.npmjs.org/@types/q/-/q-1.5.5.tgz 113ms
234 silly pacote tag manifest for @types/q@ts3.6 fetched in 224ms
235 http fetch GET 200 https://registry.npmjs.org/@types/prettier-linter-helpers/-/prettier-linter-helpers-1.0.1.tgz 887ms
236 silly pacote tag manifest for @types/prettier-linter-helpers@ts3.6 fetched in 1997ms
237 http fetch GET 200 https://registry.npmjs.org/@types/qs/-/qs-6.9.7.tgz 153ms
238 silly pacote tag manifest for @types/qs@ts3.6 fetched in 302ms
239 http fetch GET 200 https://registry.npmjs.org/@types%2fpsl 1128ms
240 http fetch GET 200 https://registry.npmjs.org/@types/proxy-addr/-/proxy-addr-2.0.0.tgz 1098ms
241 silly pacote tag manifest for @types/proxy-addr@ts3.6 fetched in 1261ms
242 http fetch GET 200 https://registry.npmjs.org/@types%2fquerystringify 152ms
243 http fetch GET 200 https://registry.npmjs.org/@types%2frange-parser 101ms
244 http fetch GET 200 https://registry.npmjs.org/@types/querystringify/-/querystringify-2.0.0.tgz 112ms
245 silly pacote tag manifest for @types/querystringify@ts3.6 fetched in 279ms
246 http fetch GET 200 https://registry.npmjs.org/@types/pump/-/pump-1.1.1.tgz 1120ms
247 silly pacote tag manifest for @types/pump@ts3.6 fetched in 1265ms
248 http fetch GET 200 https://registry.npmjs.org/@types/range-parser/-/range-parser-1.2.4.tgz 118ms
249 silly pacote tag manifest for @types/range-parser@ts3.6 fetched in 229ms
250 http fetch GET 200 https://registry.npmjs.org/@types%2freact-dev-utils 118ms
251 http fetch GET 200 https://registry.npmjs.org/@types/punycode/-/punycode-2.1.0.tgz 1116ms
252 silly pacote tag manifest for @types/punycode@ts3.6 fetched in 1288ms
253 http fetch GET 200 https://registry.npmjs.org/@types%2freact-is 168ms
254 http fetch GET 200 https://registry.npmjs.org/@types%2freact-refresh 147ms
255 silly fetchPackageMetaData error for @types/react-refresh@ts3.6 No matching version found for @types/react-refresh@ts3.6.
256 http fetch GET 200 https://registry.npmjs.org/@types%2fraf 545ms
257 http fetch GET 200 https://registry.npmjs.org/@types%2frecursive-readdir 153ms
258 http fetch GET 200 https://registry.npmjs.org/@types%2fprogress 2437ms
259 http fetch GET 200 https://registry.npmjs.org/@types/postcss-safe-parser/-/postcss-safe-parser-5.0.0.tgz 1705ms
260 silly pacote tag manifest for @types/postcss-safe-parser@ts3.6 fetched in 2844ms
261 http fetch GET 200 https://registry.npmjs.org/@types/react-dev-utils/-/react-dev-utils-9.0.4.tgz 437ms
262 http fetch GET 200 https://registry.npmjs.org/@types/progress/-/progress-2.0.5.tgz 150ms
263 silly pacote tag manifest for @types/react-dev-utils@ts3.6 fetched in 572ms
264 silly pacote tag manifest for @types/progress@ts3.6 fetched in 2601ms
265 http fetch GET 200 https://registry.npmjs.org/@types/psl/-/psl-1.1.0.tgz 885ms
266 silly pacote tag manifest for @types/psl@ts3.6 fetched in 2024ms
267 http fetch GET 200 https://registry.npmjs.org/@types%2fregex-not 167ms
268 silly fetchPackageMetaData error for @types/regex-not@ts3.6 No matching version found for @types/regex-not@ts3.6.
269 http fetch GET 200 https://registry.npmjs.org/@types%2fpumpify 2234ms
270 http fetch GET 200 https://registry.npmjs.org/@types/raf/-/raf-3.4.0.tgz 908ms
271 silly pacote tag manifest for @types/raf@ts3.6 fetched in 1461ms
272 http fetch GET 200 https://registry.npmjs.org/@types/react-is/-/react-is-17.0.2.tgz 1127ms
273 silly pacote tag manifest for @types/react-is@ts3.6 fetched in 1306ms
274 http fetch GET 200 https://registry.npmjs.org/@types%2frequire-directory 122ms
275 http fetch GET 200 https://registry.npmjs.org/@types/recursive-readdir/-/recursive-readdir-2.2.0.tgz 1102ms
276 silly pacote tag manifest for @types/recursive-readdir@ts3.6 fetched in 1272ms
277 http fetch GET 200 https://registry.npmjs.org/@types/require-directory/-/require-directory-2.1.2.tgz 138ms
278 silly pacote tag manifest for @types/require-directory@ts3.6 fetched in 269ms
279 http fetch GET 200 https://registry.npmjs.org/@types%2frequire-from-string 147ms
280 http fetch GET 200 https://registry.npmjs.org/@types%2frelateurl 1118ms
281 http fetch GET 200 https://registry.npmjs.org/@types%2frandombytes 2077ms
282 http fetch GET 200 https://registry.npmjs.org/@types/randombytes/-/randombytes-2.0.0.tgz 92ms
283 silly pacote tag manifest for @types/randombytes@ts3.6 fetched in 2183ms
284 http fetch GET 200 https://registry.npmjs.org/@types%2frepeat-element 1362ms
285 http fetch GET 200 https://registry.npmjs.org/@types%2fresolve 117ms
286 http fetch GET 200 https://registry.npmjs.org/@types%2fregenerate 1688ms
287 silly fetchPackageMetaData error for @types/regenerate@ts3.6 No matching version found for @types/regenerate@ts3.6.
288 http fetch GET 200 https://registry.npmjs.org/@types/relateurl/-/relateurl-0.2.29.tgz 351ms
289 silly pacote tag manifest for @types/relateurl@ts3.6 fetched in 1481ms
290 http fetch GET 200 https://registry.npmjs.org/@types/repeat-element/-/repeat-element-1.1.0.tgz 99ms
291 silly pacote tag manifest for @types/repeat-element@ts3.6 fetched in 1476ms
292 http fetch GET 200 https://registry.npmjs.org/@types%2freadable-stream 2096ms
293 http fetch GET 200 https://registry.npmjs.org/@types%2fretry 128ms
294 http fetch GET 200 https://registry.npmjs.org/@types/require-from-string/-/require-from-string-1.2.1.tgz 1034ms
295 silly pacote tag manifest for @types/require-from-string@ts3.6 fetched in 1189ms
296 http fetch GET 200 https://registry.npmjs.org/@types%2fregenerator-runtime 2196ms
297 http fetch GET 200 https://registry.npmjs.org/@types/pumpify/-/pumpify-1.4.1.tgz 1759ms
298 silly pacote tag manifest for @types/pumpify@ts3.6 fetched in 4002ms
299 http fetch GET 200 https://registry.npmjs.org/@types%2frepeat-string 1666ms
300 http fetch GET 200 https://registry.npmjs.org/@types%2frequires-port 1403ms
301 http fetch GET 200 https://registry.npmjs.org/@types/retry/-/retry-0.12.1.tgz 894ms
302 silly pacote tag manifest for @types/retry@ts3.6 fetched in 1032ms
303 http fetch GET 200 https://registry.npmjs.org/@types/resolve/-/resolve-1.20.1.tgz 1073ms
304 silly pacote tag manifest for @types/resolve@ts3.6 fetched in 1212ms
305 http fetch GET 200 https://registry.npmjs.org/@types%2fripemd160 1107ms
306 http fetch GET 200 https://registry.npmjs.org/@types%2fsafer-buffer 134ms
307 http fetch GET 200 https://registry.npmjs.org/@types/requires-port/-/requires-port-1.0.0.tgz 423ms
308 silly pacote tag manifest for @types/requires-port@ts3.6 fetched in 1836ms
309 http fetch GET 200 https://registry.npmjs.org/@types%2frsvp 1488ms
310 http fetch GET 200 https://registry.npmjs.org/@types/repeat-string/-/repeat-string-1.6.1.tgz 875ms
311 silly pacote tag manifest for @types/repeat-string@ts3.6 fetched in 2551ms
312 http fetch GET 200 https://registry.npmjs.org/@types/regenerator-runtime/-/regenerator-runtime-0.13.1.tgz 1085ms
313 silly pacote tag manifest for @types/regenerator-runtime@ts3.6 fetched in 3290ms
314 http fetch GET 200 https://registry.npmjs.org/@types%2fsass-loader 194ms
315 http fetch GET 200 https://registry.npmjs.org/@types%2fsax 164ms
316 http fetch GET 200 https://registry.npmjs.org/@types/readable-stream/-/readable-stream-2.3.11.tgz 1864ms
317 silly pacote tag manifest for @types/readable-stream@ts3.6 fetched in 3972ms
318 http fetch GET 200 https://registry.npmjs.org/@types/ripemd160/-/ripemd160-2.0.0.tgz 954ms
319 silly pacote tag manifest for @types/ripemd160@ts3.6 fetched in 2078ms
320 http fetch GET 200 https://registry.npmjs.org/@types%2fscheduler 169ms
321 http fetch GET 200 https://registry.npmjs.org/@types/safer-buffer/-/safer-buffer-2.1.0.tgz 1075ms
322 silly pacote tag manifest for @types/safer-buffer@ts3.6 fetched in 1220ms
323 http fetch GET 200 https://registry.npmjs.org/@types%2fsemver 177ms
324 http fetch GET 200 https://registry.npmjs.org/@types%2frun-parallel 2084ms
325 http fetch GET 200 https://registry.npmjs.org/@types%2fsafe-regex-test 1681ms
326 silly fetchPackageMetaData error for @types/safe-regex-test@ts3.6 No matching version found for @types/safe-regex-test@ts3.6.
327 http fetch GET 200 https://registry.npmjs.org/@types/rsvp/-/rsvp-4.0.4.tgz 1175ms
328 silly pacote tag manifest for @types/rsvp@ts3.6 fetched in 2677ms
329 http fetch GET 200 https://registry.npmjs.org/@types/semver/-/semver-7.3.8.tgz 361ms
330 silly pacote tag manifest for @types/semver@ts3.6 fetched in 568ms
331 http fetch GET 200 https://registry.npmjs.org/@types%2fsend 95ms
332 http fetch GET 200 https://registry.npmjs.org/@types%2fsafe-regex 2246ms
333 http fetch GET 200 https://registry.npmjs.org/@types/sass-loader/-/sass-loader-8.0.0.tgz 1111ms
334 silly pacote tag manifest for @types/sass-loader@ts3.6 fetched in 1318ms
335 http fetch GET 200 https://registry.npmjs.org/@types/sax/-/sax-1.2.3.tgz 1074ms
336 silly pacote tag manifest for @types/sax@ts3.6 fetched in 1251ms
337 http fetch GET 200 https://registry.npmjs.org/@types/send/-/send-0.17.1.tgz 133ms
338 silly pacote tag manifest for @types/send@ts3.6 fetched in 242ms
339 http fetch GET 200 https://registry.npmjs.org/@types%2fserialize-javascript 189ms
340 http fetch GET 200 https://registry.npmjs.org/@types%2fserve-index 113ms
341 http fetch GET 200 https://registry.npmjs.org/@types%2fserve-static 148ms
342 http fetch GET 200 https://registry.npmjs.org/@types%2fset-blocking 150ms
343 silly fetchPackageMetaData error for @types/set-blocking@ts3.6 No matching version found for @types/set-blocking@ts3.6.
344 http fetch GET 200 https://registry.npmjs.org/@types/serve-index/-/serve-index-1.9.1.tgz 107ms
345 http fetch GET 200 https://registry.npmjs.org/@types/serialize-javascript/-/serialize-javascript-5.0.1.tgz 149ms
346 silly pacote tag manifest for @types/serve-index@ts3.6 fetched in 232ms
347 silly pacote tag manifest for @types/serialize-javascript@ts3.6 fetched in 350ms
348 http fetch GET 200 https://registry.npmjs.org/@types%2fsemver-compare 501ms
349 http fetch GET 200 https://registry.npmjs.org/@types/scheduler/-/scheduler-0.16.2.tgz 1109ms
350 http fetch GET 200 https://registry.npmjs.org/@types%2fset-value 118ms
351 silly pacote tag manifest for @types/scheduler@ts3.6 fetched in 1289ms
352 http fetch GET 200 https://registry.npmjs.org/@types%2fsha.js 134ms
353 http fetch GET 200 https://registry.npmjs.org/@types%2fsane 2129ms
354 http fetch GET 200 https://registry.npmjs.org/@types%2fshebang-command 173ms
355 http fetch GET 200 https://registry.npmjs.org/@types/shebang-command/-/shebang-command-1.2.0.tgz 111ms
356 silly pacote tag manifest for @types/shebang-command@ts3.6 fetched in 293ms
357 http fetch GET 200 https://registry.npmjs.org/@types/run-parallel/-/run-parallel-1.1.0.tgz 1060ms
358 http fetch GET 200 https://registry.npmjs.org/@types%2fsetimmediate 507ms
359 silly pacote tag manifest for @types/run-parallel@ts3.6 fetched in 3160ms
360 http fetch GET 200 https://registry.npmjs.org/@types/semver-compare/-/semver-compare-1.0.1.tgz 545ms
361 silly pacote tag manifest for @types/semver-compare@ts3.6 fetched in 1057ms
362 http fetch GET 200 https://registry.npmjs.org/@types%2fshell-quote 238ms
363 http fetch GET 200 https://registry.npmjs.org/@types%2fselfsigned 1671ms
364 silly fetchPackageMetaData error for @types/selfsigned@ts3.6 No matching version found for @types/selfsigned@ts3.6.
365 http fetch GET 200 https://registry.npmjs.org/@types%2fsignal-exit 112ms
366 http fetch GET 200 https://registry.npmjs.org/@types/setimmediate/-/setimmediate-1.0.2.tgz 127ms
367 silly pacote tag manifest for @types/setimmediate@ts3.6 fetched in 649ms
368 http fetch GET 200 https://registry.npmjs.org/@types%2fsockjs 109ms
369 http fetch GET 200 https://registry.npmjs.org/@types%2fsockjs-client 124ms
370 http fetch GET 200 https://registry.npmjs.org/@types/sockjs/-/sockjs-0.3.33.tgz 97ms
371 silly pacote tag manifest for @types/sockjs@ts3.6 fetched in 217ms
372 http fetch GET 200 https://registry.npmjs.org/@types/safe-regex/-/safe-regex-1.1.3.tgz 1121ms
373 silly pacote tag manifest for @types/safe-regex@ts3.6 fetched in 3385ms
374 http fetch GET 200 https://registry.npmjs.org/@types%2fsource-list-map 131ms
375 http fetch GET 200 https://registry.npmjs.org/@types%2fsource-map-support 164ms
376 http fetch GET 304 https://registry.npmjs.org/@types/source-list-map/-/source-list-map-0.1.2.tgz 153ms (from cache)
377 http fetch GET 200 https://registry.npmjs.org/@types/set-value/-/set-value-4.0.1.tgz 1060ms
378 silly pacote tag manifest for @types/source-list-map@ts3.6 fetched in 300ms
379 silly pacote tag manifest for @types/set-value@ts3.6 fetched in 1199ms
380 http fetch GET 200 https://registry.npmjs.org/@types/sockjs-client/-/sockjs-client-1.5.1.tgz 411ms
381 http fetch GET 200 https://registry.npmjs.org/@types/serve-static/-/serve-static-1.13.10.tgz 1256ms
382 silly pacote tag manifest for @types/sockjs-client@ts3.6 fetched in 552ms
383 silly pacote tag manifest for @types/serve-static@ts3.6 fetched in 1434ms
384 http fetch GET 200 https://registry.npmjs.org/@types/sane/-/sane-2.0.1.tgz 1077ms
385 silly pacote tag manifest for @types/sane@ts3.6 fetched in 3218ms
386 http fetch GET 200 https://registry.npmjs.org/@types%2fsprintf 150ms
387 http fetch GET 200 https://registry.npmjs.org/@types/sha.js/-/sha.js-2.4.0.tgz 1226ms
388 silly pacote tag manifest for @types/sha.js@ts3.6 fetched in 1376ms
389 http fetch GET 200 https://registry.npmjs.org/@types%2fsprintf-js 120ms
390 http fetch GET 200 https://registry.npmjs.org/@types/sprintf/-/sprintf-0.1.0.tgz 149ms
391 silly pacote tag manifest for @types/sprintf@ts3.6 fetched in 314ms
392 http fetch GET 200 https://registry.npmjs.org/@types/sprintf-js/-/sprintf-js-1.1.2.tgz 100ms
393 silly pacote tag manifest for @types/sprintf-js@ts3.6 fetched in 233ms
394 http fetch GET 200 https://registry.npmjs.org/@types/signal-exit/-/signal-exit-3.0.1.tgz 942ms
395 silly pacote tag manifest for @types/signal-exit@ts3.6 fetched in 1066ms
396 http fetch GET 200 https://registry.npmjs.org/@types%2fsimple-swizzle 1080ms
397 silly fetchPackageMetaData error for @types/simple-swizzle@ts3.6 No matching version found for @types/simple-swizzle@ts3.6.
398 http fetch GET 200 https://registry.npmjs.org/@types%2fspdx-correct 585ms
399 http fetch GET 200 https://registry.npmjs.org/@types%2fstatic-eval 185ms
400 http fetch GET 200 https://registry.npmjs.org/@types/shell-quote/-/shell-quote-1.7.1.tgz 1128ms
401 http fetch GET 200 https://registry.npmjs.org/@types%2fstack-utils 218ms
402 silly pacote tag manifest for @types/shell-quote@ts3.6 fetched in 1381ms
403 http fetch GET 200 https://registry.npmjs.org/@types/stack-utils/-/stack-utils-2.0.1.tgz 114ms
404 silly pacote tag manifest for @types/stack-utils@ts3.6 fetched in 342ms
405 http fetch GET 200 https://registry.npmjs.org/@types%2fstrict-uri-encode 131ms
406 http fetch GET 200 https://registry.npmjs.org/@types/strict-uri-encode/-/strict-uri-encode-2.0.0.tgz 112ms
407 silly pacote tag manifest for @types/strict-uri-encode@ts3.6 fetched in 253ms
408 http fetch GET 200 https://registry.npmjs.org/@types/source-map-support/-/source-map-support-0.5.4.tgz 1134ms
409 silly pacote tag manifest for @types/source-map-support@ts3.6 fetched in 1311ms
410 http fetch GET 200 https://registry.npmjs.org/@types%2fstring.prototype.matchall 215ms
411 http fetch GET 200 https://registry.npmjs.org/@types/spdx-correct/-/spdx-correct-2.0.0.tgz 1080ms
412 silly pacote tag manifest for @types/spdx-correct@ts3.6 fetched in 1676ms
413 http fetch GET 200 https://registry.npmjs.org/@types%2fstatuses 1666ms
414 http fetch GET 200 https://registry.npmjs.org/@types%2fspdx-expression-parse 2134ms
415 http fetch GET 200 https://registry.npmjs.org/@types%2fstream-each 1719ms
416 http fetch GET 200 https://registry.npmjs.org/@types%2fspdy 2206ms
417 http fetch GET 200 https://registry.npmjs.org/@types%2fssri 2054ms
418 http fetch GET 200 https://registry.npmjs.org/@types/static-eval/-/static-eval-0.2.31.tgz 1699ms
419 silly pacote tag manifest for @types/static-eval@ts3.6 fetched in 1897ms
420 http fetch GET 200 https://registry.npmjs.org/@types/string.prototype.matchall/-/string.prototype.matchall-4.0.0.tgz 1149ms
421 silly pacote tag manifest for @types/string.prototype.matchall@ts3.6 fetched in 1376ms
422 http fetch GET 200 https://registry.npmjs.org/@types/statuses/-/statuses-2.0.0.tgz 335ms
423 silly pacote tag manifest for @types/statuses@ts3.6 fetched in 2012ms
424 http fetch GET 200 https://registry.npmjs.org/@types%2fsupports-color 102ms
425 http fetch GET 200 https://registry.npmjs.org/@types/spdy/-/spdy-3.4.5.tgz 351ms
426 silly pacote tag manifest for @types/spdy@ts3.6 fetched in 2568ms
427 http fetch GET 200 https://registry.npmjs.org/@types%2fstream-shift 2101ms
428 http fetch GET 200 https://registry.npmjs.org/@types%2fstring.prototype.trim 1053ms
429 silly fetchPackageMetaData error for @types/string.prototype.trim@ts3.6 No matching version found for @types/string.prototype.trim@ts3.6.
430 http fetch GET 200 https://registry.npmjs.org/@types%2fsvg-parser 135ms
431 http fetch GET 200 https://registry.npmjs.org/@types/stream-each/-/stream-each-1.2.0.tgz 594ms
432 silly pacote tag manifest for @types/stream-each@ts3.6 fetched in 2327ms
433 http fetch GET 200 https://registry.npmjs.org/@types%2fsymbol-tree 193ms
434 http fetch GET 200 https://registry.npmjs.org/@types%2ftapable 126ms
435 http fetch GET 200 https://registry.npmjs.org/@types%2fstring-natural-compare 2015ms
436 http fetch GET 200 https://registry.npmjs.org/@types/symbol-tree/-/symbol-tree-3.2.2.tgz 146ms
437 silly pacote tag manifest for @types/symbol-tree@ts3.6 fetched in 351ms
438 http fetch GET 200 https://registry.npmjs.org/@types/spdx-expression-parse/-/spdx-expression-parse-3.0.1.tgz 1071ms
439 silly pacote tag manifest for @types/spdx-expression-parse@ts3.6 fetched in 3215ms
440 http fetch GET 200 https://registry.npmjs.org/@types%2fstringify-object 1086ms
441 http fetch GET 200 https://registry.npmjs.org/@types/ssri/-/ssri-7.1.1.tgz 1113ms
442 silly pacote tag manifest for @types/ssri@ts3.6 fetched in 3183ms
443 http fetch GET 200 https://registry.npmjs.org/@types/supports-color/-/supports-color-8.1.1.tgz 861ms
444 silly pacote tag manifest for @types/supports-color@ts3.6 fetched in 981ms
445 http fetch GET 200 https://registry.npmjs.org/@types%2fthrough 113ms
446 http fetch GET 200 https://registry.npmjs.org/@types%2ftext-table 165ms
447 http fetch GET 200 https://registry.npmjs.org/@types/through/-/through-0.0.30.tgz 135ms
448 silly pacote tag manifest for @types/through@ts3.6 fetched in 259ms
449 http fetch GET 200 https://registry.npmjs.org/@types/tapable/-/tapable-2.2.2.tgz 825ms
450 silly pacote tag manifest for @types/tapable@ts3.6 fetched in 961ms
451 http fetch GET 200 https://registry.npmjs.org/@types/svg-parser/-/svg-parser-2.0.3.tgz 1133ms
452 silly pacote tag manifest for @types/svg-parser@ts3.6 fetched in 1280ms
453 http fetch GET 200 https://registry.npmjs.org/@types/stream-shift/-/stream-shift-1.0.0.tgz 1207ms
454 silly pacote tag manifest for @types/stream-shift@ts3.6 fetched in 3320ms
455 http fetch GET 200 https://registry.npmjs.org/@types%2ftimsort 127ms
456 http fetch GET 200 https://registry.npmjs.org/@types/string-natural-compare/-/string-natural-compare-3.0.2.tgz 1241ms
457 silly pacote tag manifest for @types/string-natural-compare@ts3.6 fetched in 3269ms
458 http fetch GET 200 https://registry.npmjs.org/@types%2fto-object-path 73ms
459 silly fetchPackageMetaData error for @types/to-object-path@ts3.6 No matching version found for @types/to-object-path@ts3.6.
460 http fetch GET 200 https://registry.npmjs.org/@types/stringify-object/-/stringify-object-3.3.1.tgz 998ms
461 silly pacote tag manifest for @types/stringify-object@ts3.6 fetched in 2096ms
462 http fetch GET 200 https://registry.npmjs.org/@types/timsort/-/timsort-0.3.0.tgz 389ms
463 silly pacote tag manifest for @types/timsort@ts3.6 fetched in 531ms
464 http fetch GET 200 https://registry.npmjs.org/@types%2fstrip-comments 2066ms
465 http fetch GET 200 https://registry.npmjs.org/@types%2fto-regex 159ms
466 silly fetchPackageMetaData error for @types/to-regex@ts3.6 No matching version found for @types/to-regex@ts3.6.
467 http fetch GET 200 https://registry.npmjs.org/@types/text-table/-/text-table-0.2.2.tgz 1040ms
468 http fetch GET 200 https://registry.npmjs.org/@types%2ftoidentifier 191ms
469 silly fetchPackageMetaData error for @types/toidentifier@ts3.6 No matching version found for @types/toidentifier@ts3.6.
470 silly pacote tag manifest for @types/text-table@ts3.6 fetched in 1223ms
471 http fetch GET 200 https://registry.npmjs.org/@types%2ftough-cookie 291ms
472 http fetch GET 200 https://registry.npmjs.org/@types%2fthrough2 1110ms
473 http fetch GET 200 https://registry.npmjs.org/@types%2fthunky 1123ms
474 http fetch GET 200 https://registry.npmjs.org/@types%2ftryer 375ms
475 http fetch GET 200 https://registry.npmjs.org/@types%2ftar 2066ms
476 http fetch GET 200 https://registry.npmjs.org/@types%2ftest-exclude 2095ms
477 silly fetchPackageMetaData error for @types/test-exclude@ts3.6 No matching version found for @types/test-exclude@ts3.6.
478 http fetch GET 200 https://registry.npmjs.org/@types/strip-comments/-/strip-comments-2.0.1.tgz 1051ms
479 silly pacote tag manifest for @types/strip-comments@ts3.6 fetched in 3129ms
480 http fetch GET 200 https://registry.npmjs.org/@types%2ftype-detect 123ms
481 http fetch GET 200 https://registry.npmjs.org/@types/through2/-/through2-2.0.36.tgz 899ms
482 silly pacote tag manifest for @types/through2@ts3.6 fetched in 2019ms
483 http fetch GET 200 https://registry.npmjs.org/@types%2ftype-is 104ms
484 http fetch GET 200 https://registry.npmjs.org/@types/tough-cookie/-/tough-cookie-4.0.1.tgz 1141ms
485 silly pacote tag manifest for @types/tough-cookie@ts3.6 fetched in 1444ms
486 http fetch GET 200 https://registry.npmjs.org/@types%2ftmpl 2114ms
487 silly fetchPackageMetaData error for @types/tmpl@ts3.6 No matching version found for @types/tmpl@ts3.6.
488 http fetch GET 200 https://registry.npmjs.org/@types/thunky/-/thunky-1.1.0.tgz 1140ms
489 silly pacote tag manifest for @types/thunky@ts3.6 fetched in 2274ms
490 http fetch GET 200 https://registry.npmjs.org/@types%2fto-regex-range 1710ms
491 silly fetchPackageMetaData error for @types/to-regex-range@ts3.6 No matching version found for @types/to-regex-range@ts3.6.
492 http fetch GET 200 https://registry.npmjs.org/@types/tryer/-/tryer-1.0.2.tgz 1149ms
493 silly pacote tag manifest for @types/tryer@ts3.6 fetched in 1533ms
494 http fetch GET 200 https://registry.npmjs.org/@types/tar/-/tar-4.0.5.tgz 1056ms
495 silly pacote tag manifest for @types/tar@ts3.6 fetched in 3147ms
496 http fetch GET 200 https://registry.npmjs.org/@types%2funbox-primitive 186ms
497 silly fetchPackageMetaData error for @types/unbox-primitive@ts3.6 No matching version found for @types/unbox-primitive@ts3.6.
498 http fetch GET 200 https://registry.npmjs.org/@types%2funiversalify 205ms
499 http fetch GET 200 https://registry.npmjs.org/@types/universalify/-/universalify-1.0.0.tgz 133ms
500 silly pacote tag manifest for @types/universalify@ts3.6 fetched in 347ms
501 http fetch GET 200 https://registry.npmjs.org/@types%2funiq 526ms
502 http fetch GET 200 https://registry.npmjs.org/@types/type-is/-/type-is-1.6.3.tgz 901ms
503 http fetch GET 200 https://registry.npmjs.org/@types%2furix 145ms
504 http fetch GET 200 https://registry.npmjs.org/@types%2ftr46 2090ms
505 silly fetchPackageMetaData error for @types/tr46@ts3.6 No matching version found for @types/tr46@ts3.6.
506 http fetch GET 200 https://registry.npmjs.org/@types%2ftype-check 1421ms
507 silly pacote tag manifest for @types/type-is@ts3.6 fetched in 1036ms
508 http fetch GET 200 https://registry.npmjs.org/@types/type-detect/-/type-detect-4.0.1.tgz 1077ms
509 silly pacote tag manifest for @types/type-detect@ts3.6 fetched in 1215ms
510 http fetch GET 200 https://registry.npmjs.org/@types%2futil.promisify 160ms
511 http fetch GET 200 https://registry.npmjs.org/@types/uniq/-/uniq-0.0.27.tgz 336ms
512 silly pacote tag manifest for @types/uniq@ts3.6 fetched in 874ms
513 http fetch GET 200 https://registry.npmjs.org/@types%2ftypedarray-to-buffer 1148ms
514 silly fetchPackageMetaData error for @types/typedarray-to-buffer@ts3.6 No matching version found for @types/typedarray-to-buffer@ts3.6.
515 http fetch GET 200 https://registry.npmjs.org/@types%2fuuid 195ms
516 http fetch GET 200 https://registry.npmjs.org/@types%2futils-merge 529ms
517 http fetch GET 200 https://registry.npmjs.org/@types/uuid/-/uuid-8.3.1.tgz 316ms
518 silly pacote tag manifest for @types/uuid@ts3.6 fetched in 522ms
519 http fetch GET 200 https://registry.npmjs.org/@types%2funquote 1448ms
520 silly fetchPackageMetaData error for @types/unquote@ts3.6 No matching version found for @types/unquote@ts3.6.
521 http fetch GET 200 https://registry.npmjs.org/@types%2funderscore 1675ms
522 http fetch GET 200 https://registry.npmjs.org/@types/urix/-/urix-0.1.0.tgz 1130ms
523 http fetch GET 200 https://registry.npmjs.org/@types%2fvary 170ms
524 silly pacote tag manifest for @types/urix@ts3.6 fetched in 1290ms
525 http fetch GET 200 https://registry.npmjs.org/@types/type-check/-/type-check-0.3.27.tgz 1155ms
526 silly pacote tag manifest for @types/type-check@ts3.6 fetched in 2589ms
527 http fetch GET 200 https://registry.npmjs.org/@types%2fw3c-xmlserializer 153ms
528 http fetch GET 200 https://registry.npmjs.org/@types/vary/-/vary-1.1.0.tgz 358ms
529 http fetch GET 200 https://registry.npmjs.org/@types/util.promisify/-/util.promisify-1.0.4.tgz 1294ms
530 silly pacote tag manifest for @types/util.promisify@ts3.6 fetched in 1469ms
531 silly pacote tag manifest for @types/vary@ts3.6 fetched in 552ms
532 http fetch GET 200 https://registry.npmjs.org/@types%2funique-slug 2118ms
533 silly fetchPackageMetaData error for @types/unique-slug@ts3.6 No matching version found for @types/unique-slug@ts3.6.
534 http fetch GET 200 https://registry.npmjs.org/@types%2fwebidl-conversions 78ms
535 http fetch GET 200 https://registry.npmjs.org/@types%2fwebpack 121ms
536 http fetch GET 200 https://registry.npmjs.org/@types/webidl-conversions/-/webidl-conversions-6.1.1.tgz 187ms
537 silly pacote tag manifest for @types/webidl-conversions@ts3.6 fetched in 283ms
538 http fetch GET 200 https://registry.npmjs.org/@types/webpack/-/webpack-4.41.26.tgz 109ms
539 silly pacote tag manifest for @types/webpack@ts3.6 fetched in 243ms
540 http fetch GET 200 https://registry.npmjs.org/@types%2fwebpack-manifest-plugin 93ms
541 http fetch GET 200 https://registry.npmjs.org/@types/utils-merge/-/utils-merge-0.0.28.tgz 1124ms
542 silly pacote tag manifest for @types/utils-merge@ts3.6 fetched in 1666ms
543 http fetch GET 200 https://registry.npmjs.org/@types%2fwebpack-sources 166ms
544 http fetch GET 200 https://registry.npmjs.org/@types%2fwatchpack 508ms
545 http fetch GET 200 https://registry.npmjs.org/@types/webpack-sources/-/webpack-sources-3.2.0.tgz 146ms
546 http fetch GET 200 https://registry.npmjs.org/@types%2futil-deprecate 2111ms
547 silly pacote tag manifest for @types/webpack-sources@ts3.6 fetched in 327ms
548 http fetch GET 200 https://registry.npmjs.org/@types%2furl-parse 2216ms
549 http fetch GET 200 https://registry.npmjs.org/@types%2fwhatwg-mimetype 142ms
550 http fetch GET 200 https://registry.npmjs.org/@types/url-parse/-/url-parse-1.4.4.tgz 133ms
551 silly pacote tag manifest for @types/url-parse@ts3.6 fetched in 2364ms
552 http fetch GET 200 https://registry.npmjs.org/@types%2fvalidate-npm-package-license 1483ms
553 http fetch GET 200 https://registry.npmjs.org/@types/whatwg-mimetype/-/whatwg-mimetype-2.1.1.tgz 154ms
554 silly pacote tag manifest for @types/whatwg-mimetype@ts3.6 fetched in 311ms
555 http fetch GET 200 https://registry.npmjs.org/@types%2fwhatwg-url 91ms
556 http fetch GET 200 https://registry.npmjs.org/@types/validate-npm-package-license/-/validate-npm-package-license-3.0.1.tgz 100ms
557 silly pacote tag manifest for @types/validate-npm-package-license@ts3.6 fetched in 1595ms
558 http fetch GET 200 https://registry.npmjs.org/@types/w3c-xmlserializer/-/w3c-xmlserializer-2.0.2.tgz 1206ms
559 silly pacote tag manifest for @types/w3c-xmlserializer@ts3.6 fetched in 1369ms
560 http fetch GET 200 https://registry.npmjs.org/@types%2fwhich-boxed-primitive 142ms
561 silly fetchPackageMetaData error for @types/which-boxed-primitive@ts3.6 No matching version found for @types/which-boxed-primitive@ts3.6.
562 http fetch GET 200 https://registry.npmjs.org/@types%2fwhich 255ms
563 http fetch GET 200 https://registry.npmjs.org/@types%2fworkbox-sw 142ms
564 http fetch GET 200 https://registry.npmjs.org/@types%2fwhatwg-encoding 1022ms
565 http fetch GET 200 https://registry.npmjs.org/@types/underscore/-/underscore-1.11.3.tgz 1977ms
566 silly pacote tag manifest for @types/underscore@ts3.6 fetched in 3665ms
567 http fetch GET 200 https://registry.npmjs.org/@types/webpack-manifest-plugin/-/webpack-manifest-plugin-3.0.3.tgz 1146ms
568 silly pacote tag manifest for @types/webpack-manifest-plugin@ts3.6 fetched in 1248ms
569 http fetch GET 200 https://registry.npmjs.org/@types%2fws 100ms
570 http fetch GET 200 https://registry.npmjs.org/@types/whatwg-encoding/-/whatwg-encoding-1.0.0.tgz 298ms
571 silly pacote tag manifest for @types/whatwg-encoding@ts3.6 fetched in 1331ms
572 http fetch GET 200 https://registry.npmjs.org/@types%2fw3c-hr-time 2169ms
573 http fetch GET 200 https://registry.npmjs.org/@types/util-deprecate/-/util-deprecate-1.0.0.tgz 1224ms
574 http fetch GET 200 https://registry.npmjs.org/@types%2fxml-name-validator 108ms
575 silly fetchPackageMetaData error for @types/xml-name-validator@ts3.6 No matching version found for @types/xml-name-validator@ts3.6.
576 silly pacote tag manifest for @types/util-deprecate@ts3.6 fetched in 3349ms
577 http fetch GET 200 https://registry.npmjs.org/@types%2fxtend 150ms
578 http fetch GET 200 https://registry.npmjs.org/@types/whatwg-url/-/whatwg-url-8.2.1.tgz 1138ms
579 silly pacote tag manifest for @types/whatwg-url@ts3.6 fetched in 1244ms
580 http fetch GET 200 https://registry.npmjs.org/@types/watchpack/-/watchpack-1.1.5.tgz 1639ms
581 silly pacote tag manifest for @types/watchpack@ts3.6 fetched in 2158ms
582 http fetch GET 200 https://registry.npmjs.org/@types%2fyargs 125ms
583 http fetch GET 200 https://registry.npmjs.org/@types%2fyargs-parser 114ms
584 http fetch GET 200 https://registry.npmjs.org/@types/workbox-sw/-/workbox-sw-4.3.2.tgz 1036ms
585 silly pacote tag manifest for @types/workbox-sw@ts3.6 fetched in 1189ms
586 http fetch GET 200 https://registry.npmjs.org/@types/which/-/which-2.0.1.tgz 1139ms
587 silly pacote tag manifest for @types/which@ts3.6 fetched in 1405ms
588 http fetch GET 200 https://registry.npmjs.org/@types%2fyallist 524ms
589 http fetch GET 200 https://registry.npmjs.org/@types%2fwrite-file-atomic 889ms
590 http fetch GET 304 https://registry.npmjs.org/@types/yargs-parser/-/yargs-parser-20.2.1.tgz 137ms (from cache)
591 silly pacote tag manifest for @types/yargs-parser@ts3.6 fetched in 263ms
592 http fetch GET 200 https://registry.npmjs.org/@types/ws/-/ws-7.4.7.tgz 1068ms
593 silly pacote tag manifest for @types/ws@ts3.6 fetched in 1183ms
594 http fetch GET 200 https://registry.npmjs.org/@types/w3c-hr-time/-/w3c-hr-time-1.0.0.tgz 1107ms
595 silly pacote tag manifest for @types/w3c-hr-time@ts3.6 fetched in 3286ms
596 http fetch GET 200 https://registry.npmjs.org/@types/xtend/-/xtend-4.0.3.tgz 1131ms
597 silly pacote tag manifest for @types/xtend@ts3.6 fetched in 1290ms
598 http fetch GET 200 https://registry.npmjs.org/@types%2fwhich-pm-runs 2228ms
599 http fetch GET 200 https://registry.npmjs.org/@types/yargs/-/yargs-17.0.2.tgz 1107ms
600 silly pacote tag manifest for @types/yargs@ts3.6 fetched in 1246ms
601 http fetch GET 200 https://registry.npmjs.org/@types/write-file-atomic/-/write-file-atomic-3.0.2.tgz 1070ms
602 silly pacote tag manifest for @types/write-file-atomic@ts3.6 fetched in 1970ms
603 http fetch GET 200 https://registry.npmjs.org/@types/yallist/-/yallist-4.0.1.tgz 1122ms
604 silly pacote tag manifest for @types/yallist@ts3.6 fetched in 1656ms
605 http fetch GET 200 https://registry.npmjs.org/@types/which-pm-runs/-/which-pm-runs-1.0.0.tgz 1731ms
606 silly pacote tag manifest for @types/which-pm-runs@ts3.6 fetched in 3969ms
607 timing stage:rollbackFailedOptional Completed in 2ms
608 timing stage:runTopLevelLifecycles Completed in 32467ms
609 verbose type tag
610 verbose stack @types/makeerror: No matching version found for @types/makeerror@ts3.6.
610 verbose stack     at pickManifest (/usr/local/lib/node_modules/npm/node_modules/npm-pick-manifest/index.js:122:13)
610 verbose stack     at /usr/local/lib/node_modules/npm/node_modules/pacote/lib/fetchers/registry/manifest.js:24:14
610 verbose stack     at tryCatcher (/usr/local/lib/node_modules/npm/node_modules/bluebird/js/release/util.js:16:23)
610 verbose stack     at Promise._settlePromiseFromHandler (/usr/local/lib/node_modules/npm/node_modules/bluebird/js/release/promise.js:517:31)
610 verbose stack     at Promise._settlePromise (/usr/local/lib/node_modules/npm/node_modules/bluebird/js/release/promise.js:574:18)
610 verbose stack     at Promise._settlePromise0 (/usr/local/lib/node_modules/npm/node_modules/bluebird/js/release/promise.js:619:10)
610 verbose stack     at Promise._settlePromises (/usr/local/lib/node_modules/npm/node_modules/bluebird/js/release/promise.js:699:18)
610 verbose stack     at _drainQueueStep (/usr/local/lib/node_modules/npm/node_modules/bluebird/js/release/async.js:138:12)
610 verbose stack     at _drainQueue (/usr/local/lib/node_modules/npm/node_modules/bluebird/js/release/async.js:131:9)
610 verbose stack     at Async._drainQueues (/usr/local/lib/node_modules/npm/node_modules/bluebird/js/release/async.js:147:5)
610 verbose stack     at Immediate.Async.drainQueues [as _onImmediate] (/usr/local/lib/node_modules/npm/node_modules/bluebird/js/release/async.js:17:14)
610 verbose stack     at processImmediate (internal/timers.js:456:21)
611 verbose cwd /home/theia/.cache/typescript/3.6
612 verbose Linux 5.15.133.1-microsoft-standard-WSL2
613 verbose argv "/usr/local/bin/node" "/usr/local/bin/npm" "install" "--ignore-scripts" "@types/lodash.debounce@ts3.6" "@types/lodash.memoize@ts3.6" "@types/lodash.merge@ts3.6" "@types/lodash.template@ts3.6" "@types/lodash.truncate@ts3.6" "@types/lodash.uniq@ts3.6" "@types/makeerror@ts3.6" "@types/media-typer@ts3.6" "@types/memory-fs@ts3.6" "@types/memorystream@ts3.6" "@types/merge-descriptors@ts3.6" "@types/merge-stream@ts3.6" "@types/merge2@ts3.6" "@types/methods@ts3.6" "@types/micromatch@ts3.6" "@types/mime@ts3.6" "@types/mime-db@ts3.6" "@types/mime-types@ts3.6" "@types/min-indent@ts3.6" "@types/minimalistic-assert@ts3.6" "@types/minimist@ts3.6" "@types/minizlib@ts3.6" "@types/move-concurrently@ts3.6" "@types/ms@ts3.6" "@types/multicast-dns@ts3.6" "@types/natural-compare@ts3.6" "@types/negotiator@ts3.6" "@types/neo-async@ts3.6" "@types/next-tick@ts3.6" "@types/nice-try@ts3.6" "@types/node-forge@ts3.6" "@types/node-int64@ts3.6" "@types/node-notifier@ts3.6" "@types/normalize-package-data@ts3.6" "@types/normalize-path@ts3.6" "@types/num2fraction@ts3.6" "@types/nwsapi@ts3.6" "@types/object-assign@ts3.6" "@types/object-inspect@ts3.6" "@types/object-keys@ts3.6" "@types/object.assign@ts3.6" "@types/object.entries@ts3.6" "@types/object.fromentries@ts3.6" "@types/object.getownpropertydescriptors@ts3.6" "@types/object.groupby@ts3.6" "@types/object.pick@ts3.6" "@types/on-finished@ts3.6" "@types/on-headers@ts3.6" "@types/once@ts3.6" "@types/optimize-css-assets-webpack-plugin@ts3.6" "@types/pako@ts3.6" "@types/parallel-transform@ts3.6" "@types/parse-json@ts3.6" "@types/parseurl@ts3.6" "@types/pascalcase@ts3.6" "@types/path-browserify@ts3.6" "@types/path-is-absolute@ts3.6" "@types/path-is-inside@ts3.6" "@types/path-parse@ts3.6" "@types/pbkdf2@ts3.6" "@types/picomatch@ts3.6" "@types/pify@ts3.6" "@types/postcss-color-gray@ts3.6" "@types/postcss-flexbugs-fixes@ts3.6" "@types/postcss-font-variant@ts3.6" "@types/postcss-gap-properties@ts3.6" "@types/postcss-modules-extract-imports@ts3.6" "@types/postcss-modules-local-by-default@ts3.6" "@types/postcss-modules-scope@ts3.6" "@types/postcss-modules-values@ts3.6" "@types/postcss-normalize@ts3.6" "@types/postcss-page-break@ts3.6" "@types/postcss-safe-parser@ts3.6" "@types/prelude-ls@ts3.6" "@types/prettier-linter-helpers@ts3.6" "@types/progress@ts3.6" "@types/promise-inflight@ts3.6" "@types/prompts@ts3.6" "@types/prop-types@ts3.6" "@types/proxy-addr@ts3.6" "@types/psl@ts3.6" "@types/pump@ts3.6" "@types/pumpify@ts3.6" "@types/punycode@ts3.6" "@types/q@ts3.6" "@types/qs@ts3.6" "@types/querystringify@ts3.6" "@types/raf@ts3.6" "@types/randombytes@ts3.6" "@types/range-parser@ts3.6" "@types/react-dev-utils@ts3.6" "@types/react-is@ts3.6" "@types/react-refresh@ts3.6" "@types/readable-stream@ts3.6" "@types/recursive-readdir@ts3.6" "@types/regenerate@ts3.6" "@types/regenerator-runtime@ts3.6" "@types/regex-not@ts3.6" "@types/relateurl@ts3.6" "@types/repeat-element@ts3.6" "@types/repeat-string@ts3.6" "@types/require-directory@ts3.6" "@types/require-from-string@ts3.6" "@types/requires-port@ts3.6" "@types/resolve@ts3.6" "@types/retry@ts3.6" "@types/ripemd160@ts3.6" "@types/rsvp@ts3.6" "@types/run-parallel@ts3.6" "@types/safe-regex@ts3.6" "@types/safe-regex-test@ts3.6" "@types/safer-buffer@ts3.6" "@types/sane@ts3.6" "@types/sass-loader@ts3.6" "@types/sax@ts3.6" "@types/scheduler@ts3.6" "@types/selfsigned@ts3.6" "@types/semver@ts3.6" "@types/semver-compare@ts3.6" "@types/send@ts3.6" "@types/serialize-javascript@ts3.6" "@types/serve-index@ts3.6" "@types/serve-static@ts3.6" "@types/set-blocking@ts3.6" "@types/set-value@ts3.6" "@types/setimmediate@ts3.6" "@types/sha.js@ts3.6" "@types/shebang-command@ts3.6" "@types/shell-quote@ts3.6" "@types/signal-exit@ts3.6" "@types/simple-swizzle@ts3.6" "@types/sockjs@ts3.6" "@types/sockjs-client@ts3.6" "@types/source-list-map@ts3.6" "@types/source-map-support@ts3.6" "@types/spdx-correct@ts3.6" "@types/spdx-expression-parse@ts3.6" "@types/spdy@ts3.6" "@types/sprintf@ts3.6" "@types/sprintf-js@ts3.6" "@types/ssri@ts3.6" "@types/stack-utils@ts3.6" "@types/static-eval@ts3.6" "@types/statuses@ts3.6" "@types/stream-each@ts3.6" "@types/stream-shift@ts3.6" "@types/strict-uri-encode@ts3.6" "@types/string-natural-compare@ts3.6" "@types/string.prototype.matchall@ts3.6" "@types/string.prototype.trim@ts3.6" "@types/stringify-object@ts3.6" "@types/strip-comments@ts3.6" "@types/supports-color@ts3.6" "@types/svg-parser@ts3.6" "@types/symbol-tree@ts3.6" "@types/tapable@ts3.6" "@types/tar@ts3.6" "@types/test-exclude@ts3.6" "@types/text-table@ts3.6" "@types/through@ts3.6" "@types/through2@ts3.6" "@types/thunky@ts3.6" "@types/timsort@ts3.6" "@types/tmpl@ts3.6" "@types/to-object-path@ts3.6" "@types/to-regex@ts3.6" "@types/to-regex-range@ts3.6" "@types/toidentifier@ts3.6" "@types/tough-cookie@ts3.6" "@types/tr46@ts3.6" "@types/tryer@ts3.6" "@types/type-check@ts3.6" "@types/type-detect@ts3.6" "@types/type-is@ts3.6" "@types/typedarray-to-buffer@ts3.6" "@types/unbox-primitive@ts3.6" "@types/underscore@ts3.6" "@types/uniq@ts3.6" "@types/unique-slug@ts3.6" "@types/universalify@ts3.6" "@types/unquote@ts3.6" "@types/urix@ts3.6" "@types/url-parse@ts3.6" "@types/util-deprecate@ts3.6" "@types/util.promisify@ts3.6" "@types/utils-merge@ts3.6" "@types/uuid@ts3.6" "@types/validate-npm-package-license@ts3.6" "@types/vary@ts3.6" "@types/w3c-hr-time@ts3.6" "@types/w3c-xmlserializer@ts3.6" "@types/watchpack@ts3.6" "@types/webidl-conversions@ts3.6" "@types/webpack@ts3.6" "@types/webpack-manifest-plugin@ts3.6" "@types/webpack-sources@ts3.6" "@types/whatwg-encoding@ts3.6" "@types/whatwg-mimetype@ts3.6" "@types/whatwg-url@ts3.6" "@types/which@ts3.6" "@types/which-boxed-primitive@ts3.6" "@types/which-pm-runs@ts3.6" "@types/workbox-sw@ts3.6" "@types/write-file-atomic@ts3.6" "@types/ws@ts3.6" "@types/xml-name-validator@ts3.6" "@types/xtend@ts3.6" "@types/yallist@ts3.6" "@types/yargs@ts3.6" "@types/yargs-parser@ts3.6" "--save-dev" "--user-agent=typesInstaller/3.6.3"
614 verbose node v12.18.3
615 verbose npm  v6.14.6
616 error code ETARGET
617 error notarget No matching version found for @types/makeerror@ts3.6.
618 error notarget In most cases you or one of your dependencies are requesting
618 error notarget a package version that doesn't exist.
619 verbose exit [ 1, true ]
